Euro_Pop=
1950_s_R_&_B=
Satire=
Public_Affairs=
All_Things_Dylan=
Gospel_Classical=
Franco_Acadian=
Folk=
Community_Action=
Indie_Rock=
Law=
Electronica_Spoken_Word=
Eclectic=
World_Latin=
Jazz=
Americana=
Children_s_Programming=
Politics_and_Economics=
Country=
Fresh_&_Eclectic=
Rock=
Reggae=
Blues=
Celtic_Folk=
Heavy_Metal=
Celtic=
Bluegrass=
Soul_R&B=
Roots=
Radio_Drama_Eclectic_Music=
Psychedelic=
Electronica=
Punk_and_Surf=
blues=
1960_s_Rock=
Rock_Eclectic=
World_Fusion=
Latin_Zydeco_Delta_Blues=
Jam_Band=
Grassroots_News_and_Cultural_Stories=
Electronica_Hip_Hop=
Modern_Rock=
Music_Satire=
Eclectic___Spoken_Word_-_by_Women=
World=
Soul=
Rotating_Genre=
Local_Public_Affairs=
New_Age_Indigenous_Spoken-Word=
New_Age_Music=
News=
Philosophy=
